[23:42:33] [Server thread/INFO]: Starting minecraft server version 1.12.2
[23:42:33] [Server thread/INFO]: Loading properties
[23:42:33] [Server thread/INFO]: Default game type: SURVIVAL
[23:42:33] [Server thread/INFO]: This server is running CraftBukkit version git-Spigot-3d850ec-809c399 (MC: 1.12.2) (Implementing API version 1.12.2-R0.1-SNAPSHOT)
[23:42:34] [Server thread/INFO]: Debug logging is disabled
[23:42:34] [Server thread/INFO]: Server Ping Player Sample Count: 12
[23:42:34] [Server thread/INFO]: Using 4 threads for Netty based IO
[23:42:34] [Server thread/INFO]: Generating keypair
[23:42:34] [Server thread/INFO]: Starting Minecraft server on *:25565
[23:42:34] [Server thread/INFO]: Using default channel type
[23:42:35] [Server thread/WARN]: **** SERVER IS RUNNING IN OFFLINE/INSECURE MODE!
[23:42:35] [Server thread/WARN]: The server will make no attempt to authenticate usernames. Beware.
[23:42:35] [Server thread/WARN]: While this makes the game possible to play without internet access, it also opens up the ability for hackers to connect with any username they choose.
[23:42:35] [Server thread/WARN]: To change this, set "online-mode" to "true" in the server.properties file.
[23:42:35] [Server thread/INFO]: **** Beginning UUID conversion, this may take A LONG time ****
[23:42:35] [Server thread/INFO]: Preparing level "world"
[23:42:35] [Server thread/INFO]: -------- World Settings For [world] --------
[23:42:35] [Server thread/INFO]: Item Merge Radius: 2.5
[23:42:35] [Server thread/INFO]: Item Despawn Rate: 6000
[23:42:35] [Server thread/INFO]: Arrow Despawn Rate: 1200
[23:42:35] [Server thread/INFO]: Allow Zombie Pigmen to spawn from portal blocks: true
[23:42:35] [Server thread/INFO]: Experience Merge Radius: 3.0
[23:42:35] [Server thread/INFO]: Nerfing mobs spawned from spawners: false
[23:42:35] [Server thread/INFO]: Zombie Aggressive Towards Villager: true
[23:42:35] [Server thread/INFO]: Tile Max Tick Time: 50ms Entity max Tick Time: 50ms
[23:42:35] [Server thread/INFO]: Max TNT Explosions: 100
[23:42:35] [Server thread/INFO]: Hopper Transfer: 8 Hopper Check: 1 Hopper Amount: 1
[23:42:35] [Server thread/INFO]: Entity Activation Range: An 32 / Mo 32 / Mi 16
[23:42:35] [Server thread/INFO]: Random Lighting Updates: false
[23:42:35] [Server thread/INFO]: Cactus Growth Modifier: 100%
[23:42:35] [Server thread/INFO]: Cane Growth Modifier: 100%
[23:42:35] [Server thread/INFO]: Melon Growth Modifier: 100%
[23:42:35] [Server thread/INFO]: Mushroom Growth Modifier: 100%
[23:42:35] [Server thread/INFO]: Pumpkin Growth Modifier: 100%
[23:42:35] [Server thread/INFO]: Sapling Growth Modifier: 100%
[23:42:35] [Server thread/INFO]: Wheat Growth Modifier: 100%
[23:42:35] [Server thread/INFO]: NetherWart Growth Modifier: 100%
[23:42:35] [Server thread/INFO]: Vine Growth Modifier: 100%
[23:42:35] [Server thread/INFO]: Cocoa Growth Modifier: 100%
[23:42:35] [Server thread/INFO]: Mob Spawn Range: 4
[23:42:35] [Server thread/INFO]: Entity Tracking Range: Pl 48 / An 48 / Mo 48 / Mi 32 / Other 64
[23:42:35] [Server thread/INFO]: Structure Info Saving: true
[23:42:35] [Server thread/INFO]: View Distance: 10
[23:42:35] [Server thread/INFO]: Custom Map Seeds:  Village: 10387312 Feature: 14357617 Monument: 10387313 Slime: 987234911
[23:42:36] [Server thread/INFO]: -------- World Settings For [world_nether] --------
[23:42:36] [Server thread/INFO]: Item Merge Radius: 2.5
[23:42:36] [Server thread/INFO]: Item Despawn Rate: 6000
[23:42:36] [Server thread/INFO]: Arrow Despawn Rate: 1200
[23:42:36] [Server thread/INFO]: Allow Zombie Pigmen to spawn from portal blocks: true
[23:42:36] [Server thread/INFO]: Experience Merge Radius: 3.0
[23:42:36] [Server thread/INFO]: Nerfing mobs spawned from spawners: false
[23:42:36] [Server thread/INFO]: Zombie Aggressive Towards Villager: true
[23:42:36] [Server thread/INFO]: Tile Max Tick Time: 50ms Entity max Tick Time: 50ms
[23:42:36] [Server thread/INFO]: Max TNT Explosions: 100
[23:42:36] [Server thread/INFO]: Hopper Transfer: 8 Hopper Check: 1 Hopper Amount: 1
[23:42:36] [Server thread/INFO]: Entity Activation Range: An 32 / Mo 32 / Mi 16
[23:42:36] [Server thread/INFO]: Random Lighting Updates: false
[23:42:36] [Server thread/INFO]: Cactus Growth Modifier: 100%
[23:42:36] [Server thread/INFO]: Cane Growth Modifier: 100%
[23:42:36] [Server thread/INFO]: Melon Growth Modifier: 100%
[23:42:36] [Server thread/INFO]: Mushroom Growth Modifier: 100%
[23:42:36] [Server thread/INFO]: Pumpkin Growth Modifier: 100%
[23:42:36] [Server thread/INFO]: Sapling Growth Modifier: 100%
[23:42:36] [Server thread/INFO]: Wheat Growth Modifier: 100%
[23:42:36] [Server thread/INFO]: NetherWart Growth Modifier: 100%
[23:42:36] [Server thread/INFO]: Vine Growth Modifier: 100%
[23:42:36] [Server thread/INFO]: Cocoa Growth Modifier: 100%
[23:42:36] [Server thread/INFO]: Mob Spawn Range: 4
[23:42:36] [Server thread/INFO]: Entity Tracking Range: Pl 48 / An 48 / Mo 48 / Mi 32 / Other 64
[23:42:36] [Server thread/INFO]: Structure Info Saving: true
[23:42:36] [Server thread/INFO]: View Distance: 10
[23:42:36] [Server thread/INFO]: Custom Map Seeds:  Village: 10387312 Feature: 14357617 Monument: 10387313 Slime: 987234911
[23:42:37] [Server thread/INFO]: -------- World Settings For [world_the_end] --------
[23:42:37] [Server thread/INFO]: Item Merge Radius: 2.5
[23:42:37] [Server thread/INFO]: Item Despawn Rate: 6000
[23:42:37] [Server thread/INFO]: Arrow Despawn Rate: 1200
[23:42:37] [Server thread/INFO]: Allow Zombie Pigmen to spawn from portal blocks: true
[23:42:37] [Server thread/INFO]: Experience Merge Radius: 3.0
[23:42:37] [Server thread/INFO]: Nerfing mobs spawned from spawners: false
[23:42:37] [Server thread/INFO]: Zombie Aggressive Towards Villager: true
[23:42:37] [Server thread/INFO]: Tile Max Tick Time: 50ms Entity max Tick Time: 50ms
[23:42:37] [Server thread/INFO]: Max TNT Explosions: 100
[23:42:37] [Server thread/INFO]: Hopper Transfer: 8 Hopper Check: 1 Hopper Amount: 1
[23:42:37] [Server thread/INFO]: Entity Activation Range: An 32 / Mo 32 / Mi 16
[23:42:37] [Server thread/INFO]: Random Lighting Updates: false
[23:42:37] [Server thread/INFO]: Cactus Growth Modifier: 100%
[23:42:37] [Server thread/INFO]: Cane Growth Modifier: 100%
[23:42:37] [Server thread/INFO]: Melon Growth Modifier: 100%
[23:42:37] [Server thread/INFO]: Mushroom Growth Modifier: 100%
[23:42:37] [Server thread/INFO]: Pumpkin Growth Modifier: 100%
[23:42:37] [Server thread/INFO]: Sapling Growth Modifier: 100%
[23:42:37] [Server thread/INFO]: Wheat Growth Modifier: 100%
[23:42:37] [Server thread/INFO]: NetherWart Growth Modifier: 100%
[23:42:37] [Server thread/INFO]: Vine Growth Modifier: 100%
[23:42:37] [Server thread/INFO]: Cocoa Growth Modifier: 100%
[23:42:37] [Server thread/INFO]: Mob Spawn Range: 4
[23:42:37] [Server thread/INFO]: Entity Tracking Range: Pl 48 / An 48 / Mo 48 / Mi 32 / Other 64
[23:42:37] [Server thread/INFO]: Structure Info Saving: true
[23:42:37] [Server thread/INFO]: View Distance: 10
[23:42:37] [Server thread/INFO]: Custom Map Seeds:  Village: 10387312 Feature: 14357617 Monument: 10387313 Slime: 987234911
[23:42:37] [Server thread/INFO]: Preparing start region for level 0 (Seed: -6451717734161372938)
[23:42:38] [Server thread/INFO]: Preparing spawn area: 0%
[23:42:39] [Server thread/INFO]: Preparing spawn area: 26%
[23:42:40] [Server thread/INFO]: Preparing spawn area: 82%
[23:42:41] [Server thread/INFO]: Preparing start region for level 1 (Seed: -6451717734161372938)
[23:42:42] [Server thread/INFO]: Preparing spawn area: 50%
[23:42:43] [Server thread/INFO]: Preparing spawn area: 95%
[23:42:43] [Server thread/INFO]: Preparing start region for level 2 (Seed: -6451717734161372938)
[23:42:44] [Server thread/INFO]: Server permissions file permissions.yml is empty, ignoring it
[23:42:44] [Server thread/INFO]: Done (8.598s)! For help, type "help" or "?"
[23:42:50] [User Authenticator #1/INFO]: UUID of player MyDABD is ca32dfb7-26f3-32dc-abf0-c2e01417901e
[23:42:50] [Server thread/INFO]: MyDABD[/127.0.0.1:57050] logged in with entity id 174 at ([world]13.5, 66.0, 0.5)
[23:42:56] [Async Chat Thread - #0/INFO]: <MyDABD> wow
[23:43:07] [Server thread/INFO]: Opped MyDABD
[23:43:24] [Server thread/INFO]: MyDABD issued server command: /head MyDABD
[23:43:37] [Async Chat Thread - #0/INFO]: <MyDABD> ~head MyDABD
[23:43:50] [Server thread/INFO]: MyDABD issued server command: /gamemode 1
[23:43:50] [Server thread/INFO]: [MyDABD: Set own game mode to Creative Mode]
[23:44:31] [Server thread/WARN]: MyDABD moved too quickly! 3.4624432374694862,15.504916496931884,-18.271365498957156
[23:46:45] [Thread-2/INFO]: Stopping server
